{"level":"info","message":"Hello from Acquisitions!","service":"user-service","timestamp":"2026-03-10T13:13:37.535Z"}
{"level":"info","message":"::1 - - [10/Mar/2026:13:13:37 +0000] \"GET / HTTP/1.1\" 200 24 \"-\" \"Mozilla/5.0 (Macintosh; Intel Mac OS X 10_15_7) AppleWebKit/605.1.15 (KHTML, like Gecko) Version/17.6 Safari/605.1.15\"","service":"user-service","timestamp":"2026-03-10T13:13:37.559Z"}
{"level":"info","message":"Hello from Acquisitions!","service":"user-service","timestamp":"2026-03-10T13:14:20.624Z"}
{"level":"info","message":"::1 - - [10/Mar/2026:13:14:20 +0000] \"GET / HTTP/1.1\" 200 24 \"-\" \"Mozilla/5.0 (Macintosh; Intel Mac OS X 10_15_7) AppleWebKit/605.1.15 (KHTML, like Gecko) Version/17.6 Safari/605.1.15\"","service":"user-service","timestamp":"2026-03-10T13:14:20.636Z"}
{"level":"info","message":"Hello from Acquisitions!","service":"user-service","timestamp":"2026-03-10T13:14:40.792Z"}
{"level":"info","message":"::1 - - [10/Mar/2026:13:14:40 +0000] \"GET / HTTP/1.1\" 200 24 \"-\" \"Mozilla/5.0 (Macintosh; Intel Mac OS X 10_15_7) AppleWebKit/605.1.15 (KHTML, like Gecko) Version/17.6 Safari/605.1.15\"","service":"user-service","timestamp":"2026-03-10T13:14:40.805Z"}
{"level":"info","message":"Hello from Acquisitions!","service":"acquisitions-api","timestamp":"2026-03-10T13:19:08.787Z"}
{"level":"info","message":"::1 - - [10/Mar/2026:13:19:08 +0000] \"GET / HTTP/1.1\" 200 24 \"-\" \"Mozilla/5.0 (Macintosh; Intel Mac OS X 10_15_7) AppleWebKit/605.1.15 (KHTML, like Gecko) Version/17.6 Safari/605.1.15\"","service":"acquisitions-api","timestamp":"2026-03-10T13:19:08.804Z"}
{"level":"info","message":"Hello from Acquisitions!","service":"acquisitions-api","timestamp":"2026-03-10T13:20:28.071Z"}
{"level":"info","message":"::1 - - [10/Mar/2026:13:20:28 +0000] \"GET / HTTP/1.1\" 200 24 \"-\" \"Mozilla/5.0 (Macintosh; Intel Mac OS X 10_15_7) AppleWebKit/605.1.15 (KHTML, like Gecko) Version/17.6 Safari/605.1.15\"","service":"acquisitions-api","timestamp":"2026-03-10T13:20:28.073Z"}
{"level":"info","message":"Hello from Acquisitions!","service":"acquisitions-api","timestamp":"2026-03-10T15:25:53.733Z"}
{"level":"info","message":"::1 - - [10/Mar/2026:15:25:53 +0000] \"GET / HTTP/1.1\" 304 - \"-\" \"Mozilla/5.0 (Macintosh; Intel Mac OS X 10_15_7) AppleWebKit/537.36 (KHTML, like Gecko) Chrome/145.0.0.0 Safari/537.36\"","service":"acquisitions-api","timestamp":"2026-03-10T15:25:53.738Z"}
{"level":"info","message":"Hello from Acquisitions!","service":"acquisitions-api","timestamp":"2026-03-11T07:30:22.438Z"}
{"level":"info","message":"::1 - - [11/Mar/2026:07:30:22 +0000] \"GET / HTTP/1.1\" 200 24 \"-\" \"Mozilla/5.0 (Macintosh; Intel Mac OS X 10_15_7) AppleWebKit/605.1.15 (KHTML, like Gecko) Version/17.6 Safari/605.1.15\"","service":"acquisitions-api","timestamp":"2026-03-11T07:30:22.484Z"}
{"level":"info","message":"Hello from Acquisitions!","service":"acquisitions-api","timestamp":"2026-03-11T20:15:03.783Z"}
{"level":"info","message":"::1 - - [11/Mar/2026:20:15:03 +0000] \"GET / HTTP/1.1\" 304 - \"-\" \"Mozilla/5.0 (Macintosh; Intel Mac OS X 10_15_7) AppleWebKit/605.1.15 (KHTML, like Gecko) Version/17.6 Safari/605.1.15\"","service":"acquisitions-api","timestamp":"2026-03-11T20:15:03.800Z"}
{"level":"info","message":"Hello from Acquisitions!","service":"acquisitions-api","timestamp":"2026-03-11T20:15:17.601Z"}
{"level":"info","message":"::1 - - [11/Mar/2026:20:15:17 +0000] \"GET / HTTP/1.1\" 200 24 \"-\" \"Mozilla/5.0 (Macintosh; Intel Mac OS X 10_15_7) AppleWebKit/605.1.15 (KHTML, like Gecko) Version/17.6 Safari/605.1.15\"","service":"acquisitions-api","timestamp":"2026-03-11T20:15:17.603Z"}
{"level":"info","message":"Hello from Acquisitions!","service":"acquisitions-api","timestamp":"2026-03-11T20:19:16.713Z"}
{"level":"info","message":"::1 - - [11/Mar/2026:20:19:16 +0000] \"GET / HTTP/1.1\" 200 24 \"-\" \"Mozilla/5.0 (Macintosh; Intel Mac OS X 10_15_7) AppleWebKit/605.1.15 (KHTML, like Gecko) Version/17.6 Safari/605.1.15\"","service":"acquisitions-api","timestamp":"2026-03-11T20:19:16.727Z"}
{"level":"info","message":"Hello from Acquisitions!","service":"acquisitions-api","timestamp":"2026-03-11T20:26:31.388Z"}
{"level":"info","message":"::1 - - [11/Mar/2026:20:26:31 +0000] \"GET / HTTP/1.1\" 200 24 \"-\" \"HTTPie\"","service":"acquisitions-api","timestamp":"2026-03-11T20:26:31.437Z"}
{"level":"info","message":"Hello from Acquisitions!","service":"acquisitions-api","timestamp":"2026-03-11T20:27:15.285Z"}
{"level":"info","message":"::1 - - [11/Mar/2026:20:27:15 +0000] \"GET / HTTP/1.1\" 200 24 \"-\" \"HTTPie\"","service":"acquisitions-api","timestamp":"2026-03-11T20:27:15.288Z"}
{"level":"info","message":"::1 - - [11/Mar/2026:20:27:28 +0000] \"GET /api HTTP/1.1\" 200 42 \"-\" \"HTTPie\"","service":"acquisitions-api","timestamp":"2026-03-11T20:27:28.734Z"}
{"level":"info","message":"::1 - - [11/Mar/2026:20:27:38 +0000] \"GET /health HTTP/1.1\" 200 77 \"-\" \"HTTPie\"","service":"acquisitions-api","timestamp":"2026-03-11T20:27:38.187Z"}
{"level":"info","message":"::1 - - [11/Mar/2026:20:28:15 +0000] \"POST /api/auth/sign-in HTTP/1.1\" 200 32 \"-\" \"HTTPie\"","service":"acquisitions-api","timestamp":"2026-03-11T20:28:15.867Z"}
{"level":"info","message":"::1 - - [11/Mar/2026:20:53:55 +0000] \"POST /api/auth/sign-in HTTP/1.1\" 200 32 \"-\" \"HTTPie\"","service":"acquisitions-api","timestamp":"2026-03-11T20:53:55.787Z"}
{"level":"info","message":"::1 - - [11/Mar/2026:21:19:08 +0000] \"POST /api/auth/sign-in HTTP/1.1\" 200 32 \"-\" \"HTTPie\"","service":"acquisitions-api","timestamp":"2026-03-11T21:19:08.352Z"}
{"level":"info","message":"::1 - - [11/Mar/2026:21:50:23 +0000] \"POST /api/auth/sign-in HTTP/1.1\" 200 32 \"-\" \"HTTPie\"","service":"acquisitions-api","timestamp":"2026-03-11T21:50:23.674Z"}
{"level":"info","message":"::1 - - [11/Mar/2026:21:50:30 +0000] \"POST /api/auth/sign-up HTTP/1.1\" 200 32 \"-\" \"HTTPie\"","service":"acquisitions-api","timestamp":"2026-03-11T21:50:30.624Z"}
{"level":"error","message":"Signup error i is not defined","service":"acquisitions-api","stack":"ReferenceError: i is not defined\n    at formatValidationError (file:///Users/MosesWekesa/VSCodeProjects/acquisitions/acquisitions/src/utils/format.js:5:35)\n    at signup (file:///Users/MosesWekesa/VSCodeProjects/acquisitions/acquisitions/src/controllers/auth.controller.js:11:18)\n    at Layer.handleRequest (/Users/MosesWekesa/VSCodeProjects/acquisitions/acquisitions/node_modules/router/lib/layer.js:152:17)\n    at next (/Users/MosesWekesa/VSCodeProjects/acquisitions/acquisitions/node_modules/router/lib/route.js:157:13)\n    at Route.dispatch (/Users/MosesWekesa/VSCodeProjects/acquisitions/acquisitions/node_modules/router/lib/route.js:117:3)\n    at handle (/Users/MosesWekesa/VSCodeProjects/acquisitions/acquisitions/node_modules/router/index.js:435:11)\n    at Layer.handleRequest (/Users/MosesWekesa/VSCodeProjects/acquisitions/acquisitions/node_modules/router/lib/layer.js:152:17)\n    at /Users/MosesWekesa/VSCodeProjects/acquisitions/acquisitions/node_modules/router/index.js:295:15\n    at processParams (/Users/MosesWekesa/VSCodeProjects/acquisitions/acquisitions/node_modules/router/index.js:582:12)\n    at next (/Users/MosesWekesa/VSCodeProjects/acquisitions/acquisitions/node_modules/router/index.js:291:5)","timestamp":"2026-03-11T22:18:00.957Z"}
{"level":"info","message":"::1 - - [11/Mar/2026:22:18:00 +0000] \"POST /api/auth/sign-up HTTP/1.1\" 400 1474 \"-\" \"HTTPie\"","service":"acquisitions-api","timestamp":"2026-03-11T22:18:00.974Z"}
{"level":"error","message":"Signup error errors.issues.map(...).joint is not a function","service":"acquisitions-api","stack":"TypeError: errors.issues.map(...).joint is not a function\n    at formatValidationError (file:///Users/MosesWekesa/VSCodeProjects/acquisitions/acquisitions/src/utils/format.js:5:46)\n    at signup (file:///Users/MosesWekesa/VSCodeProjects/acquisitions/acquisitions/src/controllers/auth.controller.js:11:18)\n    at Layer.handleRequest (/Users/MosesWekesa/VSCodeProjects/acquisitions/acquisitions/node_modules/router/lib/layer.js:152:17)\n    at next (/Users/MosesWekesa/VSCodeProjects/acquisitions/acquisitions/node_modules/router/lib/route.js:157:13)\n    at Route.dispatch (/Users/MosesWekesa/VSCodeProjects/acquisitions/acquisitions/node_modules/router/lib/route.js:117:3)\n    at handle (/Users/MosesWekesa/VSCodeProjects/acquisitions/acquisitions/node_modules/router/index.js:435:11)\n    at Layer.handleRequest (/Users/MosesWekesa/VSCodeProjects/acquisitions/acquisitions/node_modules/router/lib/layer.js:152:17)\n    at /Users/MosesWekesa/VSCodeProjects/acquisitions/acquisitions/node_modules/router/index.js:295:15\n    at processParams (/Users/MosesWekesa/VSCodeProjects/acquisitions/acquisitions/node_modules/router/index.js:582:12)\n    at next (/Users/MosesWekesa/VSCodeProjects/acquisitions/acquisitions/node_modules/router/index.js:291:5)","timestamp":"2026-03-11T22:20:17.202Z"}
{"level":"info","message":"::1 - - [11/Mar/2026:22:20:17 +0000] \"POST /api/auth/sign-up HTTP/1.1\" 400 1499 \"-\" \"HTTPie\"","service":"acquisitions-api","timestamp":"2026-03-11T22:20:17.211Z"}
{"level":"error","message":"Signup error errors.issues.map(...).joint is not a function","service":"acquisitions-api","stack":"TypeError: errors.issues.map(...).joint is not a function\n    at formatValidationError (file:///Users/MosesWekesa/VSCodeProjects/acquisitions/acquisitions/src/utils/format.js:5:46)\n    at signup (file:///Users/MosesWekesa/VSCodeProjects/acquisitions/acquisitions/src/controllers/auth.controller.js:11:18)\n    at Layer.handleRequest (/Users/MosesWekesa/VSCodeProjects/acquisitions/acquisitions/node_modules/router/lib/layer.js:152:17)\n    at next (/Users/MosesWekesa/VSCodeProjects/acquisitions/acquisitions/node_modules/router/lib/route.js:157:13)\n    at Route.dispatch (/Users/MosesWekesa/VSCodeProjects/acquisitions/acquisitions/node_modules/router/lib/route.js:117:3)\n    at handle (/Users/MosesWekesa/VSCodeProjects/acquisitions/acquisitions/node_modules/router/index.js:435:11)\n    at Layer.handleRequest (/Users/MosesWekesa/VSCodeProjects/acquisitions/acquisitions/node_modules/router/lib/layer.js:152:17)\n    at /Users/MosesWekesa/VSCodeProjects/acquisitions/acquisitions/node_modules/router/index.js:295:15\n    at processParams (/Users/MosesWekesa/VSCodeProjects/acquisitions/acquisitions/node_modules/router/index.js:582:12)\n    at next (/Users/MosesWekesa/VSCodeProjects/acquisitions/acquisitions/node_modules/router/index.js:291:5)","timestamp":"2026-03-11T22:20:18.075Z"}
{"level":"info","message":"::1 - - [11/Mar/2026:22:20:18 +0000] \"POST /api/auth/sign-up HTTP/1.1\" 400 1499 \"-\" \"HTTPie\"","service":"acquisitions-api","timestamp":"2026-03-11T22:20:18.078Z"}
{"level":"info","message":"::1 - - [11/Mar/2026:22:21:53 +0000] \"POST /api/auth/sign-up HTTP/1.1\" 400 92 \"-\" \"HTTPie\"","service":"acquisitions-api","timestamp":"2026-03-11T22:21:53.468Z"}
{"level":"info","message":"::1 - - [11/Mar/2026:22:21:57 +0000] \"POST /api/auth/sign-up HTTP/1.1\" 400 92 \"-\" \"HTTPie\"","service":"acquisitions-api","timestamp":"2026-03-11T22:21:57.213Z"}
{"level":"info","message":"::1 - - [11/Mar/2026:22:27:32 +0000] \"POST /api/auth/sign-up?Email=contact%40digitaltalisman.com HTTP/1.1\" 400 144 \"-\" \"HTTPie\"","service":"acquisitions-api","timestamp":"2026-03-11T22:27:32.548Z"}
{"level":"info","message":"User registered successfully: contact@digitaltalisman.com","service":"acquisitions-api","timestamp":"2026-03-11T22:28:24.518Z"}
{"level":"info","message":"::1 - - [11/Mar/2026:22:28:24 +0000] \"POST /api/auth/sign-up?Email=contact%40digitaltalisman.com HTTP/1.1\" 201 112 \"-\" \"HTTPie\"","service":"acquisitions-api","timestamp":"2026-03-11T22:28:24.520Z"}
{"level":"info","message":"User registered successfully: contact@digitaltalisman.com","service":"acquisitions-api","timestamp":"2026-03-12T13:55:54.244Z"}
{"level":"info","message":"::1 - - [12/Mar/2026:13:55:54 +0000] \"POST /api/auth/sign-up?Email=contact%40digitaltalisman.com HTTP/1.1\" 201 112 \"-\" \"HTTPie\"","service":"acquisitions-api","timestamp":"2026-03-12T13:55:54.253Z"}
